# JRE version: OpenJDK Runtime Environment (16.0.1+9) (build 16.0.1+9-24)
# Java VM: OpenJDK 64-Bit Server VM (16.0.1+9-24, mixed mode, tiered, compressed oops, compressed class ptrs, g1 gc, windows-amd64)
GC Precious Log:
 CPUs: 16 total, 16 available
 Memory: 32716M
 Large Page Support: Disabled
 NUMA Support: Disabled
 Compressed Oops: Enabled (Zero based)
 Heap Region Size: 4M
 Heap Min Capacity: 8M
 Heap Initial Capacity: 512M
 Heap Max Capacity: 8180M
 Pre-touch: Disabled
 Parallel Workers: 13
 Concurrent Workers: 3
 Concurrent Refinement Workers: 13
 Periodic GC: Disabled
Heap:
 garbage-first heap   total 2134016K, used 490250K [0x0000000600c00000, 0x0000000800000000)
  region size 4096K, 19 young (77824K), 19 survivors (77824K)
 Metaspace       used 3980K, committed 4160K, reserved 1056768K
  class space    used 323K, committed 448K, reserved 1048576K
GC Heap History (20 events):
Event: 3.104 GC heap after
{Heap after GC invocations=3 (full 0):
 garbage-first heap   total 524288K, used 18946K [0x0000000600c00000, 0x0000000800000000)
  region size 4096K, 3 young (12288K), 3 survivors (12288K)
 Metaspace       used 3980K, committed 4160K, reserved 1056768K
  class space    used 323K, committed 448K, reserved 1048576K
}
Event: 3.197 GC heap before
{Heap before GC invocations=3 (full 0):
 garbage-first heap   total 524288K, used 117250K [0x0000000600c00000, 0x0000000800000000)
  region size 4096K, 28 young (114688K), 3 survivors (12288K)
 Metaspace       used 3980K, committed 4160K, reserved 1056768K
  class space    used 323K, committed 448K, reserved 1048576K
}
Event: 3.218 GC heap after
{Heap after GC invocations=4 (full 0):
 garbage-first heap   total 524288K, used 32639K [0x0000000600c00000, 0x0000000800000000)
  region size 4096K, 4 young (16384K), 4 survivors (16384K)
 Metaspace       used 3980K, committed 4160K, reserved 1056768K
  class space    used 323K, committed 448K, reserved 1048576K
}
Event: 3.426 GC heap before
{Heap before GC invocations=4 (full 0):
 garbage-first heap   total 524288K, used 167807K [0x0000000600c00000, 0x0000000800000000)
  region size 4096K, 37 young (151552K), 4 survivors (16384K)
 Metaspace       used 3980K, committed 4160K, reserved 1056768K
  class space    used 323K, committed 448K, reserved 1048576K
}
Event: 3.464 GC heap after
{Heap after GC invocations=5 (full 0):
 garbage-first heap   total 1048576K, used 51959K [0x0000000600c00000, 0x0000000800000000)
  region size 4096K, 5 young (20480K), 5 survivors (20480K)
 Metaspace       used 3980K, committed 4160K, reserved 1056768K
  class space    used 323K, committed 448K, reserved 1048576K
}
Event: 3.696 GC heap before
{Heap before GC invocations=5 (full 0):
 garbage-first heap   total 1048576K, used 223991K [0x0000000600c00000, 0x0000000800000000)
  region size 4096K, 46 young (188416K), 5 survivors (20480K)
 Metaspace       used 3980K, committed 4160K, reserved 1056768K
  class space    used 323K, committed 448K, reserved 1048576K
}
Event: 3.719 GC heap after
{Heap after GC invocations=6 (full 0):
 garbage-first heap   total 1048576K, used 75861K [0x0000000600c00000, 0x0000000800000000)
  region size 4096K, 6 young (24576K), 6 survivors (24576K)
 Metaspace       used 3980K, committed 4160K, reserved 1056768K
  class space    used 323K, committed 448K, reserved 1048576K
}
Event: 3.889 GC heap before
{Heap before GC invocations=6 (full 0):
 garbage-first heap   total 1048576K, used 301141K [0x0000000600c00000, 0x0000000800000000)
  region size 4096K, 60 young (245760K), 6 survivors (24576K)
 Metaspace       used 3980K, committed 4160K, reserved 1056768K
  class space    used 323K, committed 448K, reserved 1048576K
}
Event: 3.923 GC heap after
{Heap after GC invocations=7 (full 0):
 garbage-first heap   total 1048576K, used 109142K [0x0000000600c00000, 0x0000000800000000)
  region size 4096K, 8 young (32768K), 8 survivors (32768K)
 Metaspace       used 3980K, committed 4160K, reserved 1056768K
  class space    used 323K, committed 448K, reserved 1048576K
}
Event: 4.127 GC heap before
{Heap before GC invocations=7 (full 0):
 garbage-first heap   total 1048576K, used 379478K [0x0000000600c00000, 0x0000000800000000)
  region size 4096K, 74 young (303104K), 8 survivors (32768K)
 Metaspace       used 3980K, committed 4160K, reserved 1056768K
  class space    used 323K, committed 448K, reserved 1048576K
}
Event: 4.162 GC heap after
{Heap after GC invocations=8 (full 0):
 garbage-first heap   total 1048576K, used 145055K [0x0000000600c00000, 0x0000000800000000)
  region size 4096K, 10 young (40960K), 10 survivors (40960K)
 Metaspace       used 3980K, committed 4160K, reserved 1056768K
  class space    used 323K, committed 448K, reserved 1048576K
}
Event: 4.388 GC heap before
{Heap before GC invocations=8 (full 0):
 garbage-first heap   total 1048576K, used 480927K [0x0000000600c00000, 0x0000000800000000)
  region size 4096K, 90 young (368640K), 10 survivors (40960K)
 Metaspace       used 3980K, committed 4160K, reserved 1056768K
  class space    used 323K, committed 448K, reserved 1048576K
}
Event: 4.434 GC heap after
{Heap after GC invocations=9 (full 0):
 garbage-first heap   total 2134016K, used 200674K [0x0000000600c00000, 0x0000000800000000)
  region size 4096K, 11 young (45056K), 11 survivors (45056K)
 Metaspace       used 3980K, committed 4160K, reserved 1056768K
  class space    used 323K, committed 448K, reserved 1048576K
}
Event: 4.838 GC heap before
{Heap before GC invocations=9 (full 0):
 garbage-first heap   total 2134016K, used 597986K [0x0000000600c00000, 0x0000000800000000)
  region size 4096K, 106 young (434176K), 11 survivors (45056K)
 Metaspace       used 3980K, committed 4160K, reserved 1056768K
  class space    used 323K, committed 448K, reserved 1048576K
}
Event: 4.885 GC heap after
{Heap after GC invocations=10 (full 0):
 garbage-first heap   total 2134016K, used 262144K [0x0000000600c00000, 0x0000000800000000)
  region size 4096K, 13 young (53248K), 13 survivors (53248K)
 Metaspace       used 3980K, committed 4160K, reserved 1056768K
  class space    used 323K, committed 448K, reserved 1048576K
}
Event: 6.840 GC heap before
{Heap before GC invocations=10 (full 0):
 garbage-first heap   total 2134016K, used 753664K [0x0000000600c00000, 0x0000000800000000)
  region size 4096K, 133 young (544768K), 13 survivors (53248K)
 Metaspace       used 3980K, committed 4160K, reserved 1056768K
  class space    used 323K, committed 448K, reserved 1048576K
}
Event: 6.935 GC heap after
{Heap after GC invocations=11 (full 0):
 garbage-first heap   total 2134016K, used 328132K [0x0000000600c00000, 0x0000000800000000)
  region size 4096K, 17 young (69632K), 17 survivors (69632K)
 Metaspace       used 3980K, committed 4160K, reserved 1056768K
  class space    used 323K, committed 448K, reserved 1048576K
}
Event: 7.498 GC heap before
{Heap before GC invocations=11 (full 0):
 garbage-first heap   total 2134016K, used 893380K [0x0000000600c00000, 0x0000000800000000)
  region size 4096K, 152 young (622592K), 17 survivors (69632K)
 Metaspace       used 3980K, committed 4160K, reserved 1056768K
  class space    used 323K, committed 448K, reserved 1048576K
}
Event: 7.625 GC heap after
{Heap after GC invocations=12 (full 0):
 garbage-first heap   total 2134016K, used 416390K [0x0000000600c00000, 0x0000000800000000)
  region size 4096K, 19 young (77824K), 19 survivors (77824K)
 Metaspace       used 3980K, committed 4160K, reserved 1056768K
  class space    used 323K, committed 448K, reserved 1048576K
}
Event: 7.976 GC heap before
{Heap before GC invocations=12 (full 0):
 garbage-first heap   total 2134016K, used 957062K [0x0000000600c00000, 0x0000000800000000)
  region size 4096K, 151 young (618496K), 19 survivors (77824K)
 Metaspace       used 3980K, committed 4160K, reserved 1056768K
  class space    used 323K, committed 448K, reserved 1048576K
}

